<?xml version="1.0" encoding="UTF-8"?>
<!-- Generated by org.testng.reporters.JUnitReportReporter -->
<testsuite skipped="0" hostname="vengatesh" name="com.google.homePage.GoogleHome" tests="1" failures="0" timestamp="12 Feb 2019 15:50:58 GMT" time="11.951" errors="0">
  <testcase name="Homepage" time="11.951" classname="com.google.homePage.GoogleHome"/>
</testsuite> <!-- com.google.homePage.GoogleHome -->
